Using pre-set license
Built from '2020.3/staging' branch; Version is '2020.3.20f1 (41c4e627c95f) revision 4310246'; Using compiler version '192528614'; Build Type 'Release'
OS: 'Windows 10 Home; OS build 19042.1288; Version 2009; 64bit' Language: 'en' Physical Memory: 16323 MB
BatchMode: 1, IsHumanControllingUs: 0, StartBugReporterOnCrash: 0, Is64bit: 1, IsPro: 0

COMMAND LINE ARGUMENTS:
C:\Program Files\Unity\2020.3.20f1\Editor\Unity.exe
-adb2
-batchMode
-noUpm
-name
AssetImportWorker0
-projectPath
C:/Users/Admin/Documents/GitHub/InventorySystem
-logFile
Logs/AssetImportWorker0.log
-srvPort
60245
Successfully changed project path to: C:/Users/Admin/Documents/GitHub/InventorySystem
C:/Users/Admin/Documents/GitHub/InventorySystem
Using Asset Import Pipeline V2.
Refreshing native plugins compatible for Editor in 48.68 ms, found 3 plugins.
Preloading 0 native plugins for Editor in 0.00 ms.
Initialize engine version: 2020.3.20f1 (41c4e627c95f)
[Subsystems] Discovering subsystems at path C:/Program Files/Unity/2020.3.20f1/Editor/Data/Resources/UnitySubsystems
[Subsystems] Discovering subsystems at path C:/Users/Admin/Documents/GitHub/InventorySystem/Assets
GfxDevice: creating device client; threaded=0
Direct3D:
    Version:  Direct3D 11.0 [level 11.1]
    Renderer: NVIDIA GeForce GTX 1660 Ti (ID=0x2182)
    Vendor:   
    VRAM:     5991 MB
    Driver:   30.0.14.9649
Initialize mono
Mono path[0] = 'C:/Program Files/Unity/2020.3.20f1/Editor/Data/Managed'
Mono path[1] = 'C:/Program Files/Unity/2020.3.20f1/Editor/Data/MonoBleedingEdge/lib/mono/unityjit'
Mono config path = 'C:/Program Files/Unity/2020.3.20f1/Editor/Data/MonoBleedingEdge/etc'
Using monoOptions --debugger-agent=transport=dt_socket,embedding=1,server=y,suspend=n,address=127.0.0.1:56628
Begin MonoManager ReloadAssembly
Registering precompiled unity dll's ...
Register platform support module: C:/Program Files/Unity/2020.3.20f1/Editor/Data/PlaybackEngines/MacStandaloneSupport/UnityEditor.OSXStandalone.Extensions.dll
Register platform support module: C:/Program Files/Unity/2020.3.20f1/Editor/Data/PlaybackEngines/WindowsStandaloneSupport/UnityEditor.WindowsStandalone.Extensions.dll
Registered in 0.005676 seconds.
Native extension for WindowsStandalone target not found
Native extension for OSXStandalone target not found
Refreshing native plugins compatible for Editor in 47.18 ms, found 3 plugins.
Preloading 0 native plugins for Editor in 0.00 ms.
Mono: successfully reloaded assembly
- Completed reload, in  1.397 seconds
Domain Reload Profiling:
	ReloadAssembly (1397ms)
		BeginReloadAssembly (72ms)
			ExecutionOrderSort (0ms)
			DisableScriptedObjects (0ms)
			BackupInstance (0ms)
			ReleaseScriptingObjects (0ms)
			CreateAndSetChildDomain (1ms)
		EndReloadAssembly (528ms)
			LoadAssemblies (69ms)
			RebuildTransferFunctionScriptingTraits (0ms)
			SetupTypeCache (213ms)
			ReleaseScriptCaches (0ms)
			RebuildScriptCaches (39ms)
			SetupLoadedEditorAssemblies (194ms)
				LogAssemblyErrors (0ms)
				InitializePlatformSupportModulesInManaged (5ms)
				SetLoadedEditorAssemblies (0ms)
				RefreshPlugins (47ms)
				BeforeProcessingInitializeOnLoad (18ms)
				ProcessInitializeOnLoadAttributes (89ms)
				ProcessInitializeOnLoadMethodAttributes (34ms)
				AfterProcessingInitializeOnLoad (0ms)
				EditorAssembliesLoaded (0ms)
			ExecutionOrderSort2 (0ms)
			AwakeInstancesAfterBackupRestoration (0ms)
Platform modules already initialized, skipping
Registering precompiled user dll's ...
Registered in 0.005105 seconds.
Begin MonoManager ReloadAssembly
Native extension for WindowsStandalone target not found
Native extension for OSXStandalone target not found
Refreshing native plugins compatible for Editor in 48.53 ms, found 3 plugins.
Preloading 0 native plugins for Editor in 0.00 ms.
Mono: successfully reloaded assembly
- Completed reload, in  1.379 seconds
Domain Reload Profiling:
	ReloadAssembly (1380ms)
		BeginReloadAssembly (177ms)
			ExecutionOrderSort (0ms)
			DisableScriptedObjects (5ms)
			BackupInstance (0ms)
			ReleaseScriptingObjects (0ms)
			CreateAndSetChildDomain (25ms)
		EndReloadAssembly (1127ms)
			LoadAssemblies (115ms)
			RebuildTransferFunctionScriptingTraits (0ms)
			SetupTypeCache (389ms)
			ReleaseScriptCaches (1ms)
			RebuildScriptCaches (58ms)
			SetupLoadedEditorAssemblies (411ms)
				LogAssemblyErrors (0ms)
				InitializePlatformSupportModulesInManaged (5ms)
				SetLoadedEditorAssemblies (0ms)
				RefreshPlugins (49ms)
				BeforeProcessingInitializeOnLoad (97ms)
				ProcessInitializeOnLoadAttributes (236ms)
				ProcessInitializeOnLoadMethodAttributes (14ms)
				AfterProcessingInitializeOnLoad (11ms)
				EditorAssembliesLoaded (0ms)
			ExecutionOrderSort2 (0ms)
			AwakeInstancesAfterBackupRestoration (7ms)
Platform modules already initialized, skipping
========================================================================
Worker process is ready to serve import requests
Launched and connected shader compiler UnityShaderCompiler.exe after 0.10 seconds
Refreshing native plugins compatible for Editor in 0.81 ms, found 3 plugins.
Preloading 0 native plugins for Editor in 0.00 ms.
Unloading 2093 Unused Serialized files (Serialized files now loaded: 0)
System memory in use before: 93.1 MB.
System memory in use after: 93.2 MB.

Unloading 26 unused Assets to reduce memory usage. Loaded Objects now: 2532.
Total: 5.790000 ms (FindLiveObjects: 0.774900 ms CreateObjectMapping: 0.300200 ms MarkObjects: 4.637300 ms  DeleteObjects: 0.076000 ms)

AssetImportParameters requested are different than current active one (requested -> active):
  custom:framework-win-MediaFoundation: 216162199b28c13a410421893ffa2e32 -> 
  custom:video-decoder-ogg-theora: a1e56fd34408186e4bbccfd4996cb3dc -> 
  custom:container-muxer-webm: aa71ff27fc2769a1b78a27578f13a17b -> 
  custom:container-demuxer-webm: 4f35f7cbe854078d1ac9338744f61a02 -> 
  custom:container-demuxer-ogg: 62fdf1f143b41e24485cea50d1cbac27 -> 
  custom:video-encoder-webm-vp8: eb34c28f22e8b96e1ab97ce403110664 -> 
  custom:video-codec-MediaFoundation-h265: 746d11721c4dcdbdad8f713fa42b33f4 -> 
  custom:video-decoder-webm-vp8: 9c59270c3fd7afecdb556c50c9e8de78 -> 
  custom:audio-decoder-ogg-vorbis: bf7c407c2cedff20999df2af8eb42d56 -> 
  custom:audio-encoder-webm-vorbis: bf7c407c2cedff20999df2af8eb42d56 -> 
========================================================================
Received Import Request.
  path: Assets
  artifactKey: Guid(00000000000000001000000000000000) Importer(815301076,1909f56bfc062723c751e8b465ee728b)
Start importing Assets using Guid(00000000000000001000000000000000) Importer(815301076,1909f56bfc062723c751e8b465ee728b)  -> (artifact id: '42d402b061de3733987d63b9cc3b64de') in 0.012678 seconds 
  Import took 0.017694 seconds .

========================================================================
Received Import Request.
  Time since last request: 42.989959 seconds.
  path: Assets/Inventory
  artifactKey: Guid(2f5ebdb381f60c0478f3818eb970ff23) Importer(815301076,1909f56bfc062723c751e8b465ee728b)
Start importing Assets/Inventory using Guid(2f5ebdb381f60c0478f3818eb970ff23) Importer(815301076,1909f56bfc062723c751e8b465ee728b)  -> (artifact id: '408dc841b58755b40cef2db6fe91608a') in 0.010713 seconds 
  Import took 0.015082 seconds .

========================================================================
Received Import Request.
  Time since last request: 15.736173 seconds.
  path: Assets/item
  artifactKey: Guid(b1f31424b8857554eb1840625d795a3a) Importer(815301076,1909f56bfc062723c751e8b465ee728b)
Start importing Assets/item using Guid(b1f31424b8857554eb1840625d795a3a) Importer(815301076,1909f56bfc062723c751e8b465ee728b)  -> (artifact id: 'a670ba436eeb5aaa65793c415425aa7e') in 0.010655 seconds 
  Import took 0.016898 seconds .

========================================================================
Received Import Request.
  Time since last request: 4.440122 seconds.
  path: Assets/Item
  artifactKey: Guid(b1f31424b8857554eb1840625d795a3a) Importer(815301076,1909f56bfc062723c751e8b465ee728b)
Start importing Assets/Item using Guid(b1f31424b8857554eb1840625d795a3a) Importer(815301076,1909f56bfc062723c751e8b465ee728b)  -> (artifact id: '5f984587a157147e384cfdc501cbb54d') in 0.009373 seconds 
  Import took 0.014652 seconds .

========================================================================
Received Import Request.
  Time since last request: 93.219982 seconds.
  path: Assets/Utilities
  artifactKey: Guid(0a0e98311cb5fe243bfa290cb81a13a9) Importer(815301076,1909f56bfc062723c751e8b465ee728b)
Start importing Assets/Utilities using Guid(0a0e98311cb5fe243bfa290cb81a13a9) Importer(815301076,1909f56bfc062723c751e8b465ee728b)  -> (artifact id: 'b3679552e11a53542a861477b3b3fe44') in 0.010679 seconds 
  Import took 0.017177 seconds .

========================================================================
Received Import Request.
  Time since last request: 19.874632 seconds.
  path: Assets/Inventory/InventoryManager.cs
  artifactKey: Guid(e6287ab240d1d3449837e8d26b579f2c) Importer(815301076,1909f56bfc062723c751e8b465ee728b)
Start importing Assets/Inventory/InventoryManager.cs using Guid(e6287ab240d1d3449837e8d26b579f2c) Importer(815301076,1909f56bfc062723c751e8b465ee728b)  -> (artifact id: '2a9922695d90581e9bde63070b73bd9d') in 0.040135 seconds 
  Import took 0.044243 seconds .

========================================================================
Received Prepare
Registering precompiled user dll's ...
Registered in 0.004272 seconds.
Begin MonoManager ReloadAssembly
Native extension for WindowsStandalone target not found
Native extension for OSXStandalone target not found
Refreshing native plugins compatible for Editor in 0.46 ms, found 3 plugins.
Preloading 0 native plugins for Editor in 0.00 ms.
Mono: successfully reloaded assembly
- Completed reload, in  1.285 seconds
Domain Reload Profiling:
	ReloadAssembly (1285ms)
		BeginReloadAssembly (156ms)
			ExecutionOrderSort (0ms)
			DisableScriptedObjects (7ms)
			BackupInstance (0ms)
			ReleaseScriptingObjects (0ms)
			CreateAndSetChildDomain (49ms)
		EndReloadAssembly (1032ms)
			LoadAssemblies (126ms)
			RebuildTransferFunctionScriptingTraits (0ms)
			SetupTypeCache (368ms)
			ReleaseScriptCaches (1ms)
			RebuildScriptCaches (54ms)
			SetupLoadedEditorAssemblies (371ms)
				LogAssemblyErrors (0ms)
				InitializePlatformSupportModulesInManaged (7ms)
				SetLoadedEditorAssemblies (0ms)
				RefreshPlugins (1ms)
				BeforeProcessingInitializeOnLoad (103ms)
				ProcessInitializeOnLoadAttributes (243ms)
				ProcessInitializeOnLoadMethodAttributes (7ms)
				AfterProcessingInitializeOnLoad (10ms)
				EditorAssembliesLoaded (0ms)
			ExecutionOrderSort2 (0ms)
			AwakeInstancesAfterBackupRestoration (12ms)
Platform modules already initialized, skipping
Refreshing native plugins compatible for Editor in 0.64 ms, found 3 plugins.
Preloading 0 native plugins for Editor in 0.00 ms.
Unloading 2084 Unused Serialized files (Serialized files now loaded: 0)
System memory in use before: 92.5 MB.
System memory in use after: 92.7 MB.

Unloading 14 unused Assets to reduce memory usage. Loaded Objects now: 2536.
Total: 5.506300 ms (FindLiveObjects: 0.318800 ms CreateObjectMapping: 0.237500 ms MarkObjects: 4.898700 ms  DeleteObjects: 0.049800 ms)

AssetImportParameters requested are different than current active one (requested -> active):
  custom:framework-win-MediaFoundation: 216162199b28c13a410421893ffa2e32 -> 
  custom:video-decoder-ogg-theora: a1e56fd34408186e4bbccfd4996cb3dc -> 
  custom:container-muxer-webm: aa71ff27fc2769a1b78a27578f13a17b -> 
  custom:container-demuxer-webm: 4f35f7cbe854078d1ac9338744f61a02 -> 
  custom:container-demuxer-ogg: 62fdf1f143b41e24485cea50d1cbac27 -> 
  custom:video-encoder-webm-vp8: eb34c28f22e8b96e1ab97ce403110664 -> 
  custom:video-codec-MediaFoundation-h265: 746d11721c4dcdbdad8f713fa42b33f4 -> 
  custom:video-decoder-webm-vp8: 9c59270c3fd7afecdb556c50c9e8de78 -> 
  custom:audio-decoder-ogg-vorbis: bf7c407c2cedff20999df2af8eb42d56 -> 
  custom:audio-encoder-webm-vorbis: bf7c407c2cedff20999df2af8eb42d56 -> 
========================================================================
Received Import Request.
  Time since last request: 59.236115 seconds.
  path: Assets/Inventory/InventoryManager.cs
  artifactKey: Guid(e6287ab240d1d3449837e8d26b579f2c) Importer(815301076,1909f56bfc062723c751e8b465ee728b)
Start importing Assets/Inventory/InventoryManager.cs using Guid(e6287ab240d1d3449837e8d26b579f2c) Importer(815301076,1909f56bfc062723c751e8b465ee728b)  -> (artifact id: '84e0d23ede949172579136b5d0eec782') in 0.013401 seconds 
  Import took 0.018400 seconds .

========================================================================
Received Import Request.
  Time since last request: 13.877646 seconds.
  path: Assets/Inventory/InventoryItem.cs
  artifactKey: Guid(e74db900bf32f1446a49b1a6226f626c) Importer(815301076,1909f56bfc062723c751e8b465ee728b)
Start importing Assets/Inventory/InventoryItem.cs using Guid(e74db900bf32f1446a49b1a6226f626c) Importer(815301076,1909f56bfc062723c751e8b465ee728b)  -> (artifact id: 'f8d1acd797b478927ad331352e4ca990') in 0.013428 seconds 
  Import took 0.024668 seconds .

========================================================================
Received Import Request.
  Time since last request: 135.185812 seconds.
  path: Assets/Inventory/InventoryItem.cs
  artifactKey: Guid(e74db900bf32f1446a49b1a6226f626c) Importer(815301076,1909f56bfc062723c751e8b465ee728b)
Start importing Assets/Inventory/InventoryItem.cs using Guid(e74db900bf32f1446a49b1a6226f626c) Importer(815301076,1909f56bfc062723c751e8b465ee728b)  -> (artifact id: '7b7281654ee86fd430a6bbd8ecdf6e71') in 0.005173 seconds 
  Import took 0.011964 seconds .

========================================================================
Received Import Request.
  Time since last request: 16.749990 seconds.
  path: Assets/Item/ItemDetails.cs
  artifactKey: Guid(bb4198acbc4469b428c4c3c383a58020) Importer(815301076,1909f56bfc062723c751e8b465ee728b)
Start importing Assets/Item/ItemDetails.cs using Guid(bb4198acbc4469b428c4c3c383a58020) Importer(815301076,1909f56bfc062723c751e8b465ee728b)  -> (artifact id: '69c78f877cac8cce2b98bb3d9bf80281') in 0.014018 seconds 
  Import took 0.026327 seconds .

========================================================================
Received Import Request.
  Time since last request: 549.551064 seconds.
  path: Assets/Item/ItemDetails.cs
  artifactKey: Guid(bb4198acbc4469b428c4c3c383a58020) Importer(815301076,1909f56bfc062723c751e8b465ee728b)
Start importing Assets/Item/ItemDetails.cs using Guid(bb4198acbc4469b428c4c3c383a58020) Importer(815301076,1909f56bfc062723c751e8b465ee728b)  -> (artifact id: 'd5e8a7abe30e0362f83b3d19661030c8') in 0.013055 seconds 
  Import took 0.021424 seconds .

========================================================================
Received Import Request.
  Time since last request: 166.883802 seconds.
  path: Assets/Misc
  artifactKey: Guid(5dbb08912975b7a4c8365c1419365702) Importer(815301076,1909f56bfc062723c751e8b465ee728b)
Start importing Assets/Misc using Guid(5dbb08912975b7a4c8365c1419365702) Importer(815301076,1909f56bfc062723c751e8b465ee728b)  -> (artifact id: 'f862573681025017f20114e389a4aed1') in 0.011753 seconds 
  Import took 0.016335 seconds .

========================================================================
Received Import Request.
  Time since last request: 13.452618 seconds.
  path: Assets/Misc/SingletonMonobehaviour.cs
  artifactKey: Guid(e9135cc12e3f7f648b0edd5d19f4b4a6) Importer(815301076,1909f56bfc062723c751e8b465ee728b)
Start importing Assets/Misc/SingletonMonobehaviour.cs using Guid(e9135cc12e3f7f648b0edd5d19f4b4a6) Importer(815301076,1909f56bfc062723c751e8b465ee728b)  -> (artifact id: '75a0e6aa14e94d5ff63b143acaae4d6f') in 0.018601 seconds 
  Import took 0.023425 seconds .

========================================================================
Received Import Request.
  Time since last request: 530.092672 seconds.
  path: Assets/Utilities 1
  artifactKey: Guid(2cfdca4345ff5e243bf4454705ccff96) Importer(815301076,1909f56bfc062723c751e8b465ee728b)
Start importing Assets/Utilities 1 using Guid(2cfdca4345ff5e243bf4454705ccff96) Importer(815301076,1909f56bfc062723c751e8b465ee728b)  -> (artifact id: '818521867a9aeeba52a90dfbd48d24f1') in 0.011084 seconds 
  Import took 0.015839 seconds .

========================================================================
Received Import Request.
  Time since last request: 13.351387 seconds.
  path: Assets/Utilities/ItemCodeDescriptionDrawer.cs
  artifactKey: Guid(08f098e313c35204ba9ea971f06c9d4d) Importer(815301076,1909f56bfc062723c751e8b465ee728b)
Start importing Assets/Utilities/ItemCodeDescriptionDrawer.cs using Guid(08f098e313c35204ba9ea971f06c9d4d) Importer(815301076,1909f56bfc062723c751e8b465ee728b)  -> (artifact id: 'c0bf1fdd6d12bdf750cd1f7a02b12e82') in 0.014363 seconds 
  Import took 0.022116 seconds .

========================================================================
Received Import Request.
  Time since last request: 67.049731 seconds.
  path: Assets/Utilities/ItemCodeDescriptionDrawer.cs
  artifactKey: Guid(08f098e313c35204ba9ea971f06c9d4d) Importer(815301076,1909f56bfc062723c751e8b465ee728b)
Start importing Assets/Utilities/ItemCodeDescriptionDrawer.cs using Guid(08f098e313c35204ba9ea971f06c9d4d) Importer(815301076,1909f56bfc062723c751e8b465ee728b)  -> (artifact id: '7cc32ae4bd0421445ffcd37800ce1770') in 0.007759 seconds 
  Import took 0.014004 seconds .

========================================================================
Received Import Request.
  Time since last request: 8.598582 seconds.
  path: Assets/Utilities/PropertyDrawers
  artifactKey: Guid(31139964205d84a439db72d5059accb1) Importer(815301076,1909f56bfc062723c751e8b465ee728b)
Start importing Assets/Utilities/PropertyDrawers using Guid(31139964205d84a439db72d5059accb1) Importer(815301076,1909f56bfc062723c751e8b465ee728b)  -> (artifact id: '3eddcc641afbf89ec6c53e823e5858c8') in 0.011458 seconds 
  Import took 0.016527 seconds .

========================================================================
Received Import Request.
  Time since last request: 14.686758 seconds.
  path: Assets/Utilities/PropertyDrawers/Editor
  artifactKey: Guid(2d140267e0092df47b7dba955593fd08) Importer(815301076,1909f56bfc062723c751e8b465ee728b)
Start importing Assets/Utilities/PropertyDrawers/Editor using Guid(2d140267e0092df47b7dba955593fd08) Importer(815301076,1909f56bfc062723c751e8b465ee728b)  -> (artifact id: '81ced7a13d1bcfee790481f7d714d54c') in 0.011140 seconds 
  Import took 0.015800 seconds .

========================================================================
Received Import Request.
  Time since last request: 68.236615 seconds.
  path: Assets/Utilities/PropertyDrawers/ItemCodeDescriptionAttribute.cs
  artifactKey: Guid(16183ba4856693f4a890fd2c4e7e41ac) Importer(815301076,1909f56bfc062723c751e8b465ee728b)
Start importing Assets/Utilities/PropertyDrawers/ItemCodeDescriptionAttribute.cs using Guid(16183ba4856693f4a890fd2c4e7e41ac) Importer(815301076,1909f56bfc062723c751e8b465ee728b)  -> (artifact id: '3c96730a22a47f13d161afff8b5a7bae') in 0.020114 seconds 
  Import took 0.027446 seconds .

========================================================================
Received Import Request.
  Time since last request: 12.792733 seconds.
  path: Assets/Utilities/PropertyDrawers/ItemCodeDescriptionAttribute.cs
  artifactKey: Guid(16183ba4856693f4a890fd2c4e7e41ac) Importer(815301076,1909f56bfc062723c751e8b465ee728b)
Start importing Assets/Utilities/PropertyDrawers/ItemCodeDescriptionAttribute.cs using Guid(16183ba4856693f4a890fd2c4e7e41ac) Importer(815301076,1909f56bfc062723c751e8b465ee728b)  -> (artifact id: '689e723b9ce570067da74b422c6e433b') in 0.008080 seconds 
  Import took 0.013510 seconds .

========================================================================
Received Import Request.
  Time since last request: 800.208776 seconds.
  path: Assets/Enums
  artifactKey: Guid(48841d11c0b3c7d4984af1b5a0e608db) Importer(815301076,1909f56bfc062723c751e8b465ee728b)
Start importing Assets/Enums using Guid(48841d11c0b3c7d4984af1b5a0e608db) Importer(815301076,1909f56bfc062723c751e8b465ee728b)  -> (artifact id: 'd533f12c20a8561ce6333ca4a56cd4bd') in 0.022930 seconds 
  Import took 0.028847 seconds .

========================================================================
Received Import Request.
  Time since last request: 7.345918 seconds.
  path: Assets/Enums/Enums.cs
  artifactKey: Guid(6f566f59c80e87d4ba3d948bb672dff8) Importer(815301076,1909f56bfc062723c751e8b465ee728b)
Start importing Assets/Enums/Enums.cs using Guid(6f566f59c80e87d4ba3d948bb672dff8) Importer(815301076,1909f56bfc062723c751e8b465ee728b)  -> (artifact id: '6edb159a71e505803e48406ace855cdf') in 0.005764 seconds 
  Import took 0.011305 seconds .

========================================================================
Received Import Request.
  Time since last request: 38.478717 seconds.
  path: Assets/Enums/Enums.cs
  artifactKey: Guid(6f566f59c80e87d4ba3d948bb672dff8) Importer(815301076,1909f56bfc062723c751e8b465ee728b)
Start importing Assets/Enums/Enums.cs using Guid(6f566f59c80e87d4ba3d948bb672dff8) Importer(815301076,1909f56bfc062723c751e8b465ee728b)  -> (artifact id: 'b5acf8bb1fcd0a94822b0c08e53b5484') in 0.005224 seconds 
  Import took 0.011855 seconds .

========================================================================
Received Import Request.
  Time since last request: 54.100117 seconds.
  path: Assets/Enums/Enums.cs
  artifactKey: Guid(6f566f59c80e87d4ba3d948bb672dff8) Importer(815301076,1909f56bfc062723c751e8b465ee728b)
Start importing Assets/Enums/Enums.cs using Guid(6f566f59c80e87d4ba3d948bb672dff8) Importer(815301076,1909f56bfc062723c751e8b465ee728b)  -> (artifact id: '75b635a567f11215830eccfba8729ea4') in 0.004169 seconds 
  Import took 0.008630 seconds .

========================================================================
Received Import Request.
  Time since last request: 108.350954 seconds.
  path: Assets/Item/SO_ItemList.cs
  artifactKey: Guid(533e01297c858774696c13ff76b9d683) Importer(815301076,1909f56bfc062723c751e8b465ee728b)
Start importing Assets/Item/SO_ItemList.cs using Guid(533e01297c858774696c13ff76b9d683) Importer(815301076,1909f56bfc062723c751e8b465ee728b)  -> (artifact id: 'ceb0e73d2852c5e54d34fb766ec99e67') in 0.013048 seconds 
  Import took 0.018192 seconds .

========================================================================
Received Import Request.
  Time since last request: 7.677802 seconds.
  path: Assets/Item/SO_ItemList.cs
  artifactKey: Guid(533e01297c858774696c13ff76b9d683) Importer(815301076,1909f56bfc062723c751e8b465ee728b)
Start importing Assets/Item/SO_ItemList.cs using Guid(533e01297c858774696c13ff76b9d683) Importer(815301076,1909f56bfc062723c751e8b465ee728b)  -> (artifact id: 'bab2ea2345df98476fb146f90c9de2f4') in 0.005203 seconds 
  Import took 0.009139 seconds .

========================================================================
Received Import Request.
  Time since last request: 264.137196 seconds.
  path: Assets/Item/Item.cs
  artifactKey: Guid(8554a82e416dccf4490a6fcc32e4a2b7) Importer(815301076,1909f56bfc062723c751e8b465ee728b)
Start importing Assets/Item/Item.cs using Guid(8554a82e416dccf4490a6fcc32e4a2b7) Importer(815301076,1909f56bfc062723c751e8b465ee728b)  -> (artifact id: 'ab4bdb6cf3d0cd4b786e9243e3366154') in 0.005562 seconds 
  Import took 0.010553 seconds .

========================================================================
Received Import Request.
  Time since last request: 19.865621 seconds.
  path: Assets/Item/Item.cs
  artifactKey: Guid(8554a82e416dccf4490a6fcc32e4a2b7) Importer(815301076,1909f56bfc062723c751e8b465ee728b)
Start importing Assets/Item/Item.cs using Guid(8554a82e416dccf4490a6fcc32e4a2b7) Importer(815301076,1909f56bfc062723c751e8b465ee728b)  -> (artifact id: '5f0851b874b0eecc044302280d251dae') in 0.005468 seconds 
  Import took 0.009866 seconds .

========================================================================
Received Import Request.
  Time since last request: 160.878153 seconds.
  path: Assets/EventHandler.cs
  artifactKey: Guid(eb2ae62cc8ebc92409df085e68702fbf) Importer(815301076,1909f56bfc062723c751e8b465ee728b)
Start importing Assets/EventHandler.cs using Guid(eb2ae62cc8ebc92409df085e68702fbf) Importer(815301076,1909f56bfc062723c751e8b465ee728b)  -> (artifact id: '257702991c096904a46c3baa31a93b6e') in 0.012876 seconds 
  Import took 0.018148 seconds .

========================================================================
Received Import Request.
  Time since last request: 7.032668 seconds.
  path: Assets/EventSystem
  artifactKey: Guid(377e15c223a9a544f9a4ba7de7f26c63) Importer(815301076,1909f56bfc062723c751e8b465ee728b)
Start importing Assets/EventSystem using Guid(377e15c223a9a544f9a4ba7de7f26c63) Importer(815301076,1909f56bfc062723c751e8b465ee728b)  -> (artifact id: '615298edeed2b9a995cee88a15654ddf') in 0.012732 seconds 
  Import took 0.016553 seconds .

========================================================================
Received Import Request.
  Time since last request: 59.762761 seconds.
  path: Assets/EventSystem/EventHandler.cs
  artifactKey: Guid(eb2ae62cc8ebc92409df085e68702fbf) Importer(815301076,1909f56bfc062723c751e8b465ee728b)
Start importing Assets/EventSystem/EventHandler.cs using Guid(eb2ae62cc8ebc92409df085e68702fbf) Importer(815301076,1909f56bfc062723c751e8b465ee728b)  -> (artifact id: '2bcf5fc3a8c44a48cb7c2e8591b51ba7') in 0.007755 seconds 
  Import took 0.015314 seconds .

========================================================================
Received Import Request.
  Time since last request: 26.691465 seconds.
  path: Assets/EventSystem/EventHandler.cs
  artifactKey: Guid(eb2ae62cc8ebc92409df085e68702fbf) Importer(815301076,1909f56bfc062723c751e8b465ee728b)
Start importing Assets/EventSystem/EventHandler.cs using Guid(eb2ae62cc8ebc92409df085e68702fbf) Importer(815301076,1909f56bfc062723c751e8b465ee728b)  -> (artifact id: 'd287d881e6d80462e7df8745ba62e6f7') in 0.005463 seconds 
  Import took 0.010556 seconds .

========================================================================
Received Import Request.
  Time since last request: 23.249402 seconds.
  path: Assets/EventSystem/EventHandler.cs
  artifactKey: Guid(eb2ae62cc8ebc92409df085e68702fbf) Importer(815301076,1909f56bfc062723c751e8b465ee728b)
Start importing Assets/EventSystem/EventHandler.cs using Guid(eb2ae62cc8ebc92409df085e68702fbf) Importer(815301076,1909f56bfc062723c751e8b465ee728b)  -> (artifact id: '050c61bf2117ce4160bb13108eb7a22c') in 0.006064 seconds 
  Import took 0.011152 seconds .

========================================================================
Received Import Request.
  Time since last request: 76.814298 seconds.
  path: Assets/EventSystem/EventHandler.cs
  artifactKey: Guid(eb2ae62cc8ebc92409df085e68702fbf) Importer(815301076,1909f56bfc062723c751e8b465ee728b)
Start importing Assets/EventSystem/EventHandler.cs using Guid(eb2ae62cc8ebc92409df085e68702fbf) Importer(815301076,1909f56bfc062723c751e8b465ee728b)  -> (artifact id: '910f63c92d334eb69461271124c1d560') in 0.005554 seconds 
  Import took 0.010999 seconds .

========================================================================
Received Prepare
Registering precompiled user dll's ...
Registered in 0.004204 seconds.
Begin MonoManager ReloadAssembly
Native extension for WindowsStandalone target not found
Native extension for OSXStandalone target not found
Refreshing native plugins compatible for Editor in 0.51 ms, found 3 plugins.
Preloading 0 native plugins for Editor in 0.00 ms.
Mono: successfully reloaded assembly
- Completed reload, in  1.213 seconds
Domain Reload Profiling:
	ReloadAssembly (1215ms)
		BeginReloadAssembly (172ms)
			ExecutionOrderSort (0ms)
			DisableScriptedObjects (11ms)
			BackupInstance (0ms)
			ReleaseScriptingObjects (0ms)
			CreateAndSetChildDomain (66ms)
		EndReloadAssembly (965ms)
			LoadAssemblies (122ms)
			RebuildTransferFunctionScriptingTraits (0ms)
			SetupTypeCache (351ms)
			ReleaseScriptCaches (1ms)
			RebuildScriptCaches (46ms)
			SetupLoadedEditorAssemblies (337ms)
				LogAssemblyErrors (0ms)
				InitializePlatformSupportModulesInManaged (8ms)
				SetLoadedEditorAssemblies (1ms)
				RefreshPlugins (1ms)
				BeforeProcessingInitializeOnLoad (96ms)
				ProcessInitializeOnLoadAttributes (215ms)
				ProcessInitializeOnLoadMethodAttributes (6ms)
				AfterProcessingInitializeOnLoad (10ms)
				EditorAssembliesLoaded (0ms)
			ExecutionOrderSort2 (0ms)
			AwakeInstancesAfterBackupRestoration (12ms)
Platform modules already initialized, skipping
Refreshing native plugins compatible for Editor in 0.51 ms, found 3 plugins.
Preloading 0 native plugins for Editor in 0.00 ms.
Unloading 2093 Unused Serialized files (Serialized files now loaded: 0)
System memory in use before: 92.8 MB.
System memory in use after: 92.9 MB.

Unloading 14 unused Assets to reduce memory usage. Loaded Objects now: 2548.
Total: 4.268100 ms (FindLiveObjects: 0.381100 ms CreateObjectMapping: 0.241000 ms MarkObjects: 3.609400 ms  DeleteObjects: 0.035300 ms)

AssetImportParameters requested are different than current active one (requested -> active):
  custom:framework-win-MediaFoundation: 216162199b28c13a410421893ffa2e32 -> 
  custom:video-decoder-ogg-theora: a1e56fd34408186e4bbccfd4996cb3dc -> 
  custom:container-muxer-webm: aa71ff27fc2769a1b78a27578f13a17b -> 
  custom:container-demuxer-webm: 4f35f7cbe854078d1ac9338744f61a02 -> 
  custom:container-demuxer-ogg: 62fdf1f143b41e24485cea50d1cbac27 -> 
  custom:video-encoder-webm-vp8: eb34c28f22e8b96e1ab97ce403110664 -> 
  custom:video-codec-MediaFoundation-h265: 746d11721c4dcdbdad8f713fa42b33f4 -> 
  custom:video-decoder-webm-vp8: 9c59270c3fd7afecdb556c50c9e8de78 -> 
  custom:audio-decoder-ogg-vorbis: bf7c407c2cedff20999df2af8eb42d56 -> 
  custom:audio-encoder-webm-vorbis: bf7c407c2cedff20999df2af8eb42d56 -> 
========================================================================
Received Import Request.
  Time since last request: 1763.625404 seconds.
  path: Assets/Misc/SingletonMonobehaviour.cs
  artifactKey: Guid(e9135cc12e3f7f648b0edd5d19f4b4a6) Importer(815301076,1909f56bfc062723c751e8b465ee728b)
Start importing Assets/Misc/SingletonMonobehaviour.cs using Guid(e9135cc12e3f7f648b0edd5d19f4b4a6) Importer(815301076,1909f56bfc062723c751e8b465ee728b)  -> (artifact id: '68200cf494e8e05df726b72edef2cf83') in 0.009128 seconds 
  Import took 0.017455 seconds .

========================================================================
Received Import Request.
  Time since last request: 572.031273 seconds.
  path: Assets/EventSystem/InventoryEventHandler.cs
  artifactKey: Guid(eb2ae62cc8ebc92409df085e68702fbf) Importer(815301076,1909f56bfc062723c751e8b465ee728b)
Start importing Assets/EventSystem/InventoryEventHandler.cs using Guid(eb2ae62cc8ebc92409df085e68702fbf) Importer(815301076,1909f56bfc062723c751e8b465ee728b)  -> (artifact id: '361dbbb6ca1c4a14336cecbc4fdf8609') in 0.011566 seconds 
  Import took 0.017264 seconds .

========================================================================
Received Prepare
Registering precompiled user dll's ...
Registered in 0.005853 seconds.
Begin MonoManager ReloadAssembly
Native extension for WindowsStandalone target not found
Native extension for OSXStandalone target not found
Refreshing native plugins compatible for Editor in 0.53 ms, found 3 plugins.
Preloading 0 native plugins for Editor in 0.00 ms.
Mono: successfully reloaded assembly
- Completed reload, in  1.376 seconds
Domain Reload Profiling:
	ReloadAssembly (1377ms)
		BeginReloadAssembly (158ms)
			ExecutionOrderSort (0ms)
			DisableScriptedObjects (8ms)
			BackupInstance (0ms)
			ReleaseScriptingObjects (0ms)
			CreateAndSetChildDomain (51ms)
		EndReloadAssembly (1129ms)
			LoadAssemblies (148ms)
			RebuildTransferFunctionScriptingTraits (0ms)
			SetupTypeCache (357ms)
			ReleaseScriptCaches (1ms)
			RebuildScriptCaches (70ms)
			SetupLoadedEditorAssemblies (393ms)
				LogAssemblyErrors (0ms)
				InitializePlatformSupportModulesInManaged (10ms)
				SetLoadedEditorAssemblies (1ms)
				RefreshPlugins (1ms)
				BeforeProcessingInitializeOnLoad (112ms)
				ProcessInitializeOnLoadAttributes (253ms)
				ProcessInitializeOnLoadMethodAttributes (6ms)
				AfterProcessingInitializeOnLoad (10ms)
				EditorAssembliesLoaded (0ms)
			ExecutionOrderSort2 (0ms)
			AwakeInstancesAfterBackupRestoration (14ms)
Platform modules already initialized, skipping
Refreshing native plugins compatible for Editor in 0.52 ms, found 3 plugins.
Preloading 0 native plugins for Editor in 0.00 ms.
Unloading 2093 Unused Serialized files (Serialized files now loaded: 0)
System memory in use before: 92.8 MB.
System memory in use after: 92.9 MB.

Unloading 14 unused Assets to reduce memory usage. Loaded Objects now: 2551.
Total: 6.398100 ms (FindLiveObjects: 0.513000 ms CreateObjectMapping: 0.308600 ms MarkObjects: 5.540400 ms  DeleteObjects: 0.034300 ms)

AssetImportParameters requested are different than current active one (requested -> active):
  custom:framework-win-MediaFoundation: 216162199b28c13a410421893ffa2e32 -> 
  custom:video-decoder-ogg-theora: a1e56fd34408186e4bbccfd4996cb3dc -> 
  custom:container-muxer-webm: aa71ff27fc2769a1b78a27578f13a17b -> 
  custom:container-demuxer-webm: 4f35f7cbe854078d1ac9338744f61a02 -> 
  custom:container-demuxer-ogg: 62fdf1f143b41e24485cea50d1cbac27 -> 
  custom:video-encoder-webm-vp8: eb34c28f22e8b96e1ab97ce403110664 -> 
  custom:video-codec-MediaFoundation-h265: 746d11721c4dcdbdad8f713fa42b33f4 -> 
  custom:video-decoder-webm-vp8: 9c59270c3fd7afecdb556c50c9e8de78 -> 
  custom:audio-decoder-ogg-vorbis: bf7c407c2cedff20999df2af8eb42d56 -> 
  custom:audio-encoder-webm-vorbis: bf7c407c2cedff20999df2af8eb42d56 -> 
========================================================================
Received Import Request.
  Time since last request: 197.728245 seconds.
  path: Assets/Enums/InventoryEnums.cs
  artifactKey: Guid(6f566f59c80e87d4ba3d948bb672dff8) Importer(815301076,1909f56bfc062723c751e8b465ee728b)
Start importing Assets/Enums/InventoryEnums.cs using Guid(6f566f59c80e87d4ba3d948bb672dff8) Importer(815301076,1909f56bfc062723c751e8b465ee728b)  -> (artifact id: 'b5b329e49a5c36d1e450c4f41a81350b') in 0.018985 seconds 
  Import took 0.023889 seconds .

========================================================================
Received Prepare
Registering precompiled user dll's ...
Registered in 0.005337 seconds.
Begin MonoManager ReloadAssembly
Native extension for WindowsStandalone target not found
Native extension for OSXStandalone target not found
Refreshing native plugins compatible for Editor in 0.63 ms, found 3 plugins.
Preloading 0 native plugins for Editor in 0.00 ms.
Mono: successfully reloaded assembly
- Completed reload, in  1.506 seconds
Domain Reload Profiling:
	ReloadAssembly (1506ms)
		BeginReloadAssembly (272ms)
			ExecutionOrderSort (0ms)
			DisableScriptedObjects (7ms)
			BackupInstance (0ms)
			ReleaseScriptingObjects (0ms)
			CreateAndSetChildDomain (78ms)
		EndReloadAssembly (1154ms)
			LoadAssemblies (216ms)
			RebuildTransferFunctionScriptingTraits (0ms)
			SetupTypeCache (421ms)
			ReleaseScriptCaches (1ms)
			RebuildScriptCaches (45ms)
			SetupLoadedEditorAssemblies (424ms)
				LogAssemblyErrors (0ms)
				InitializePlatformSupportModulesInManaged (9ms)
				SetLoadedEditorAssemblies (1ms)
				RefreshPlugins (1ms)
				BeforeProcessingInitializeOnLoad (138ms)
				ProcessInitializeOnLoadAttributes (253ms)
				ProcessInitializeOnLoadMethodAttributes (10ms)
				AfterProcessingInitializeOnLoad (13ms)
				EditorAssembliesLoaded (0ms)
			ExecutionOrderSort2 (0ms)
			AwakeInstancesAfterBackupRestoration (11ms)
Platform modules already initialized, skipping
Refreshing native plugins compatible for Editor in 0.68 ms, found 3 plugins.
Preloading 0 native plugins for Editor in 0.00 ms.
Unloading 2093 Unused Serialized files (Serialized files now loaded: 0)
System memory in use before: 92.8 MB.
System memory in use after: 93.0 MB.

Unloading 14 unused Assets to reduce memory usage. Loaded Objects now: 2554.
Total: 3.309100 ms (FindLiveObjects: 0.180800 ms CreateObjectMapping: 0.081000 ms MarkObjects: 3.013200 ms  DeleteObjects: 0.033200 ms)

AssetImportParameters requested are different than current active one (requested -> active):
  custom:framework-win-MediaFoundation: 216162199b28c13a410421893ffa2e32 -> 
  custom:video-decoder-ogg-theora: a1e56fd34408186e4bbccfd4996cb3dc -> 
  custom:container-muxer-webm: aa71ff27fc2769a1b78a27578f13a17b -> 
  custom:container-demuxer-webm: 4f35f7cbe854078d1ac9338744f61a02 -> 
  custom:container-demuxer-ogg: 62fdf1f143b41e24485cea50d1cbac27 -> 
  custom:video-encoder-webm-vp8: eb34c28f22e8b96e1ab97ce403110664 -> 
  custom:video-codec-MediaFoundation-h265: 746d11721c4dcdbdad8f713fa42b33f4 -> 
  custom:video-decoder-webm-vp8: 9c59270c3fd7afecdb556c50c9e8de78 -> 
  custom:audio-decoder-ogg-vorbis: bf7c407c2cedff20999df2af8eb42d56 -> 
  custom:audio-encoder-webm-vorbis: bf7c407c2cedff20999df2af8eb42d56 -> 
========================================================================
Received Import Request.
  Time since last request: 284.668949 seconds.
  path: Packages/com.unity.mathematics
  artifactKey: Guid(795e97ad99e2f6ffd2060ae1983b6f25) Importer(815301076,1909f56bfc062723c751e8b465ee728b)
Start importing Packages/com.unity.mathematics using Guid(795e97ad99e2f6ffd2060ae1983b6f25) Importer(815301076,1909f56bfc062723c751e8b465ee728b)  -> (artifact id: 'aebfa49ff76e8719c04c38f477933d69') in 0.018349 seconds 
  Import took 0.023961 seconds .

AssetImportWorkerClient::OnTransportError - code=2 error=End of file
